2024-04-21 21:59:13,395:WARNING:
'cuml' is a soft dependency and not included in the pycaret installation. Please run: `pip install cuml` to install.
2024-04-21 21:59:13,396:WARNING:
'cuml' is a soft dependency and not included in the pycaret installation. Please run: `pip install cuml` to install.
2024-04-21 21:59:13,396:WARNING:
'cuml' is a soft dependency and not included in the pycaret installation. Please run: `pip install cuml` to install.
2024-04-21 21:59:13,396:WARNING:
'cuml' is a soft dependency and not included in the pycaret installation. Please run: `pip install cuml` to install.
2024-04-21 21:59:28,449:INFO:Initializing load_model()
2024-04-21 21:59:28,449:INFO:load_model(model_name=./pickle/pickle_rf_pycaret, platform=None, authentication=None, verbose=True)
2024-04-21 22:00:13,434:WARNING:
'cuml' is a soft dependency and not included in the pycaret installation. Please run: `pip install cuml` to install.
2024-04-21 22:00:13,434:WARNING:
'cuml' is a soft dependency and not included in the pycaret installation. Please run: `pip install cuml` to install.
2024-04-21 22:00:13,435:WARNING:
'cuml' is a soft dependency and not included in the pycaret installation. Please run: `pip install cuml` to install.
2024-04-21 22:00:13,435:WARNING:
'cuml' is a soft dependency and not included in the pycaret installation. Please run: `pip install cuml` to install.
2024-04-21 22:00:26,505:INFO:Initializing load_model()
2024-04-21 22:00:26,505:INFO:load_model(model_name=./pickle/ifood_sales_prospecting_model.pkl, platform=None, authentication=None, verbose=True)
2024-04-21 22:00:51,302:WARNING:
'cuml' is a soft dependency and not included in the pycaret installation. Please run: `pip install cuml` to install.
2024-04-21 22:00:51,302:WARNING:
'cuml' is a soft dependency and not included in the pycaret installation. Please run: `pip install cuml` to install.
2024-04-21 22:00:51,302:WARNING:
'cuml' is a soft dependency and not included in the pycaret installation. Please run: `pip install cuml` to install.
2024-04-21 22:00:51,302:WARNING:
'cuml' is a soft dependency and not included in the pycaret installation. Please run: `pip install cuml` to install.
2024-04-21 22:01:00,666:INFO:Initializing load_model()
2024-04-21 22:01:00,666:INFO:load_model(model_name=./pickle/ifood_sales_prospecting_model, platform=None, authentication=None, verbose=True)
2024-04-21 22:01:00,698:WARNING:C:\Users\Arthur Coutinho Sant\AppData\Local\Programs\Python\Python311\Lib\site-packages\sklearn\base.py:376: InconsistentVersionWarning: Trying to unpickle estimator SimpleImputer from version 1.2.2 when using version 1.4.2. This might lead to breaking code or invalid results. Use at your own risk. For more info please refer to:
https://scikit-learn.org/stable/model_persistence.html#security-maintainability-limitations
  warnings.warn(

2024-04-21 22:01:00,700:WARNING:C:\Users\Arthur Coutinho Sant\AppData\Local\Programs\Python\Python311\Lib\site-packages\sklearn\base.py:376: InconsistentVersionWarning: Trying to unpickle estimator ExtraTreeRegressor from version 1.2.2 when using version 1.4.2. This might lead to breaking code or invalid results. Use at your own risk. For more info please refer to:
https://scikit-learn.org/stable/model_persistence.html#security-maintainability-limitations
  warnings.warn(

2024-04-21 22:06:51,320:WARNING:
'cuml' is a soft dependency and not included in the pycaret installation. Please run: `pip install cuml` to install.
2024-04-21 22:06:51,320:WARNING:
'cuml' is a soft dependency and not included in the pycaret installation. Please run: `pip install cuml` to install.
2024-04-21 22:06:51,320:WARNING:
'cuml' is a soft dependency and not included in the pycaret installation. Please run: `pip install cuml` to install.
2024-04-21 22:06:51,320:WARNING:
'cuml' is a soft dependency and not included in the pycaret installation. Please run: `pip install cuml` to install.
2024-04-21 22:07:00,978:INFO:Initializing load_model()
2024-04-21 22:07:00,978:INFO:load_model(model_name=./pickle/ifood_sales_prospecting_model, platform=None, authentication=None, verbose=True)
2024-04-21 22:07:00,984:WARNING:C:\Users\Arthur Coutinho Sant\AppData\Local\Programs\Python\Python311\Lib\site-packages\sklearn\base.py:376: InconsistentVersionWarning: Trying to unpickle estimator SimpleImputer from version 1.2.2 when using version 1.4.2. This might lead to breaking code or invalid results. Use at your own risk. For more info please refer to:
https://scikit-learn.org/stable/model_persistence.html#security-maintainability-limitations
  warnings.warn(

2024-04-21 22:07:00,984:WARNING:C:\Users\Arthur Coutinho Sant\AppData\Local\Programs\Python\Python311\Lib\site-packages\sklearn\base.py:376: InconsistentVersionWarning: Trying to unpickle estimator ExtraTreeRegressor from version 1.2.2 when using version 1.4.2. This might lead to breaking code or invalid results. Use at your own risk. For more info please refer to:
https://scikit-learn.org/stable/model_persistence.html#security-maintainability-limitations
  warnings.warn(

2024-04-21 22:07:15,125:INFO:Initializing load_model()
2024-04-21 22:07:15,125:INFO:load_model(model_name=./pickle/ifood_sales_prospecting_model, platform=None, authentication=None, verbose=True)
2024-04-21 22:07:15,128:WARNING:C:\Users\Arthur Coutinho Sant\AppData\Local\Programs\Python\Python311\Lib\site-packages\sklearn\base.py:376: InconsistentVersionWarning: Trying to unpickle estimator SimpleImputer from version 1.2.2 when using version 1.4.2. This might lead to breaking code or invalid results. Use at your own risk. For more info please refer to:
https://scikit-learn.org/stable/model_persistence.html#security-maintainability-limitations
  warnings.warn(

2024-04-21 22:07:15,128:WARNING:C:\Users\Arthur Coutinho Sant\AppData\Local\Programs\Python\Python311\Lib\site-packages\sklearn\base.py:376: InconsistentVersionWarning: Trying to unpickle estimator ExtraTreeRegressor from version 1.2.2 when using version 1.4.2. This might lead to breaking code or invalid results. Use at your own risk. For more info please refer to:
https://scikit-learn.org/stable/model_persistence.html#security-maintainability-limitations
  warnings.warn(

2024-04-21 22:08:03,526:INFO:Initializing load_model()
2024-04-21 22:08:03,526:INFO:load_model(model_name=./pickle/ifood_sales_prospecting_model, platform=None, authentication=None, verbose=True)
2024-04-21 22:08:03,528:WARNING:C:\Users\Arthur Coutinho Sant\AppData\Local\Programs\Python\Python311\Lib\site-packages\sklearn\base.py:376: InconsistentVersionWarning: Trying to unpickle estimator SimpleImputer from version 1.2.2 when using version 1.4.2. This might lead to breaking code or invalid results. Use at your own risk. For more info please refer to:
https://scikit-learn.org/stable/model_persistence.html#security-maintainability-limitations
  warnings.warn(

2024-04-21 22:08:03,530:WARNING:C:\Users\Arthur Coutinho Sant\AppData\Local\Programs\Python\Python311\Lib\site-packages\sklearn\base.py:376: InconsistentVersionWarning: Trying to unpickle estimator ExtraTreeRegressor from version 1.2.2 when using version 1.4.2. This might lead to breaking code or invalid results. Use at your own risk. For more info please refer to:
https://scikit-learn.org/stable/model_persistence.html#security-maintainability-limitations
  warnings.warn(

2024-04-21 22:11:47,138:INFO:Initializing load_model()
2024-04-21 22:11:47,139:INFO:load_model(model_name=./pickle/ifood_sales_prospecting_model, platform=None, authentication=None, verbose=True)
2024-04-21 22:11:47,141:WARNING:C:\Users\Arthur Coutinho Sant\AppData\Local\Programs\Python\Python311\Lib\site-packages\sklearn\base.py:376: InconsistentVersionWarning: Trying to unpickle estimator SimpleImputer from version 1.2.2 when using version 1.4.2. This might lead to breaking code or invalid results. Use at your own risk. For more info please refer to:
https://scikit-learn.org/stable/model_persistence.html#security-maintainability-limitations
  warnings.warn(

2024-04-21 22:11:47,141:WARNING:C:\Users\Arthur Coutinho Sant\AppData\Local\Programs\Python\Python311\Lib\site-packages\sklearn\base.py:376: InconsistentVersionWarning: Trying to unpickle estimator ExtraTreeRegressor from version 1.2.2 when using version 1.4.2. This might lead to breaking code or invalid results. Use at your own risk. For more info please refer to:
https://scikit-learn.org/stable/model_persistence.html#security-maintainability-limitations
  warnings.warn(

2024-04-21 22:12:05,425:INFO:Initializing load_model()
2024-04-21 22:12:05,425:INFO:load_model(model_name=./pickle/ifood_sales_prospecting_model, platform=None, authentication=None, verbose=True)
2024-04-21 22:12:05,427:WARNING:C:\Users\Arthur Coutinho Sant\AppData\Local\Programs\Python\Python311\Lib\site-packages\sklearn\base.py:376: InconsistentVersionWarning: Trying to unpickle estimator SimpleImputer from version 1.2.2 when using version 1.4.2. This might lead to breaking code or invalid results. Use at your own risk. For more info please refer to:
https://scikit-learn.org/stable/model_persistence.html#security-maintainability-limitations
  warnings.warn(

2024-04-21 22:12:05,427:WARNING:C:\Users\Arthur Coutinho Sant\AppData\Local\Programs\Python\Python311\Lib\site-packages\sklearn\base.py:376: InconsistentVersionWarning: Trying to unpickle estimator ExtraTreeRegressor from version 1.2.2 when using version 1.4.2. This might lead to breaking code or invalid results. Use at your own risk. For more info please refer to:
https://scikit-learn.org/stable/model_persistence.html#security-maintainability-limitations
  warnings.warn(

2024-04-21 22:12:42,038:INFO:Initializing load_model()
2024-04-21 22:12:42,038:INFO:load_model(model_name=./pickle/ifood_sales_prospecting_model, platform=None, authentication=None, verbose=True)
2024-04-21 22:12:42,039:WARNING:C:\Users\Arthur Coutinho Sant\AppData\Local\Programs\Python\Python311\Lib\site-packages\sklearn\base.py:376: InconsistentVersionWarning: Trying to unpickle estimator SimpleImputer from version 1.2.2 when using version 1.4.2. This might lead to breaking code or invalid results. Use at your own risk. For more info please refer to:
https://scikit-learn.org/stable/model_persistence.html#security-maintainability-limitations
  warnings.warn(

2024-04-21 22:12:42,040:WARNING:C:\Users\Arthur Coutinho Sant\AppData\Local\Programs\Python\Python311\Lib\site-packages\sklearn\base.py:376: InconsistentVersionWarning: Trying to unpickle estimator ExtraTreeRegressor from version 1.2.2 when using version 1.4.2. This might lead to breaking code or invalid results. Use at your own risk. For more info please refer to:
https://scikit-learn.org/stable/model_persistence.html#security-maintainability-limitations
  warnings.warn(

2024-04-21 22:15:30,378:WARNING:
'cuml' is a soft dependency and not included in the pycaret installation. Please run: `pip install cuml` to install.
2024-04-21 22:15:30,378:WARNING:
'cuml' is a soft dependency and not included in the pycaret installation. Please run: `pip install cuml` to install.
2024-04-21 22:15:30,378:WARNING:
'cuml' is a soft dependency and not included in the pycaret installation. Please run: `pip install cuml` to install.
2024-04-21 22:15:30,378:WARNING:
'cuml' is a soft dependency and not included in the pycaret installation. Please run: `pip install cuml` to install.
2024-04-21 22:15:37,866:INFO:Initializing load_model()
2024-04-21 22:15:37,866:INFO:load_model(model_name=./pickle/ifood_sales_prospecting_model, platform=None, authentication=None, verbose=True)
2024-04-21 22:15:37,874:WARNING:C:\Users\Arthur Coutinho Sant\AppData\Local\Programs\Python\Python311\Lib\site-packages\sklearn\base.py:376: InconsistentVersionWarning: Trying to unpickle estimator SimpleImputer from version 1.2.2 when using version 1.4.2. This might lead to breaking code or invalid results. Use at your own risk. For more info please refer to:
https://scikit-learn.org/stable/model_persistence.html#security-maintainability-limitations
  warnings.warn(

2024-04-21 22:15:37,875:WARNING:C:\Users\Arthur Coutinho Sant\AppData\Local\Programs\Python\Python311\Lib\site-packages\sklearn\base.py:376: InconsistentVersionWarning: Trying to unpickle estimator ExtraTreeRegressor from version 1.2.2 when using version 1.4.2. This might lead to breaking code or invalid results. Use at your own risk. For more info please refer to:
https://scikit-learn.org/stable/model_persistence.html#security-maintainability-limitations
  warnings.warn(

2024-04-21 22:31:14,083:WARNING:
'cuml' is a soft dependency and not included in the pycaret installation. Please run: `pip install cuml` to install.
2024-04-21 22:31:14,083:WARNING:
'cuml' is a soft dependency and not included in the pycaret installation. Please run: `pip install cuml` to install.
2024-04-21 22:31:14,083:WARNING:
'cuml' is a soft dependency and not included in the pycaret installation. Please run: `pip install cuml` to install.
2024-04-21 22:31:14,083:WARNING:
'cuml' is a soft dependency and not included in the pycaret installation. Please run: `pip install cuml` to install.
2024-04-21 22:33:17,962:WARNING:
'cuml' is a soft dependency and not included in the pycaret installation. Please run: `pip install cuml` to install.
2024-04-21 22:33:17,963:WARNING:
'cuml' is a soft dependency and not included in the pycaret installation. Please run: `pip install cuml` to install.
2024-04-21 22:33:17,963:WARNING:
'cuml' is a soft dependency and not included in the pycaret installation. Please run: `pip install cuml` to install.
2024-04-21 22:33:17,963:WARNING:
'cuml' is a soft dependency and not included in the pycaret installation. Please run: `pip install cuml` to install.
2024-04-21 22:35:04,243:WARNING:
'cuml' is a soft dependency and not included in the pycaret installation. Please run: `pip install cuml` to install.
2024-04-21 22:35:04,244:WARNING:
'cuml' is a soft dependency and not included in the pycaret installation. Please run: `pip install cuml` to install.
2024-04-21 22:35:04,244:WARNING:
'cuml' is a soft dependency and not included in the pycaret installation. Please run: `pip install cuml` to install.
2024-04-21 22:35:04,244:WARNING:
'cuml' is a soft dependency and not included in the pycaret installation. Please run: `pip install cuml` to install.
2024-04-21 22:35:11,919:INFO:Initializing load_model()
2024-04-21 22:35:11,920:INFO:load_model(model_name=./pickle/ifood_sales_prospecting_model, platform=None, authentication=None, verbose=True)
2024-04-21 22:35:11,930:WARNING:C:\Users\Arthur Coutinho Sant\AppData\Local\Programs\Python\Python311\Lib\site-packages\sklearn\base.py:376: InconsistentVersionWarning: Trying to unpickle estimator SimpleImputer from version 1.2.2 when using version 1.4.2. This might lead to breaking code or invalid results. Use at your own risk. For more info please refer to:
https://scikit-learn.org/stable/model_persistence.html#security-maintainability-limitations
  warnings.warn(

2024-04-21 22:35:11,931:WARNING:C:\Users\Arthur Coutinho Sant\AppData\Local\Programs\Python\Python311\Lib\site-packages\sklearn\base.py:376: InconsistentVersionWarning: Trying to unpickle estimator ExtraTreeRegressor from version 1.2.2 when using version 1.4.2. This might lead to breaking code or invalid results. Use at your own risk. For more info please refer to:
https://scikit-learn.org/stable/model_persistence.html#security-maintainability-limitations
  warnings.warn(

2024-04-21 22:39:59,145:WARNING:
'cuml' is a soft dependency and not included in the pycaret installation. Please run: `pip install cuml` to install.
2024-04-21 22:39:59,146:WARNING:
'cuml' is a soft dependency and not included in the pycaret installation. Please run: `pip install cuml` to install.
2024-04-21 22:39:59,146:WARNING:
'cuml' is a soft dependency and not included in the pycaret installation. Please run: `pip install cuml` to install.
2024-04-21 22:39:59,146:WARNING:
'cuml' is a soft dependency and not included in the pycaret installation. Please run: `pip install cuml` to install.
2024-04-21 22:40:08,453:INFO:Initializing load_model()
2024-04-21 22:40:08,455:INFO:load_model(model_name=./pickle/ifood_sales_prospecting_model, platform=None, authentication=None, verbose=True)
2024-04-21 22:40:08,463:WARNING:C:\Users\Arthur Coutinho Sant\AppData\Local\Programs\Python\Python311\Lib\site-packages\sklearn\base.py:376: InconsistentVersionWarning: Trying to unpickle estimator SimpleImputer from version 1.2.2 when using version 1.4.2. This might lead to breaking code or invalid results. Use at your own risk. For more info please refer to:
https://scikit-learn.org/stable/model_persistence.html#security-maintainability-limitations
  warnings.warn(

2024-04-21 22:40:08,463:WARNING:C:\Users\Arthur Coutinho Sant\AppData\Local\Programs\Python\Python311\Lib\site-packages\sklearn\base.py:376: InconsistentVersionWarning: Trying to unpickle estimator ExtraTreeRegressor from version 1.2.2 when using version 1.4.2. This might lead to breaking code or invalid results. Use at your own risk. For more info please refer to:
https://scikit-learn.org/stable/model_persistence.html#security-maintainability-limitations
  warnings.warn(

2024-04-21 22:40:17,602:INFO:Initializing load_model()
2024-04-21 22:40:17,603:INFO:load_model(model_name=./pickle/ifood_sales_prospecting_model, platform=None, authentication=None, verbose=True)
2024-04-21 22:40:17,604:WARNING:C:\Users\Arthur Coutinho Sant\AppData\Local\Programs\Python\Python311\Lib\site-packages\sklearn\base.py:376: InconsistentVersionWarning: Trying to unpickle estimator SimpleImputer from version 1.2.2 when using version 1.4.2. This might lead to breaking code or invalid results. Use at your own risk. For more info please refer to:
https://scikit-learn.org/stable/model_persistence.html#security-maintainability-limitations
  warnings.warn(

2024-04-21 22:40:17,604:WARNING:C:\Users\Arthur Coutinho Sant\AppData\Local\Programs\Python\Python311\Lib\site-packages\sklearn\base.py:376: InconsistentVersionWarning: Trying to unpickle estimator ExtraTreeRegressor from version 1.2.2 when using version 1.4.2. This might lead to breaking code or invalid results. Use at your own risk. For more info please refer to:
https://scikit-learn.org/stable/model_persistence.html#security-maintainability-limitations
  warnings.warn(

